Connecting to database specified by database.yml
Connecting to database specified by database.yml
  [1m[36m (0.2ms)[0m  [1mselect sqlite_version(*)[0m
  [1m[35m (1.8ms)[0m  CREATE TABLE "schema_migrations" ("version" varchar(255) NOT NULL) 
  [1m[36m (1.4ms)[0m  [1mCREATE UNIQUE INDEX "unique_schema_migrations" ON "schema_migrations" ("version")[0m
  [1m[35m (1.4ms)[0m  SELECT "schema_migrations"."version" FROM "schema_migrations" 
Migrating to CreateProducts (20130513231342)
  [1m[36m (0.0ms)[0m  [1mbegin transaction[0m
  [1m[35m (0.3ms)[0m  CREATE TABLE "products" ("id" INTEGER PRIMARY KEY AUTOINCREMENT NOT NULL, "title" varchar(255), "description" text, "image_url" varchar(255), "price" decimal(8,2), "created_at" datetime NOT NULL, "updated_at" datetime NOT NULL) 
  [1m[36m (0.1ms)[0m  [1mINSERT INTO "schema_migrations" ("version") VALUES ('20130513231342')[0m
  [1m[35m (1.9ms)[0m  commit transaction
  [1m[36m (0.1ms)[0m  [1mSELECT "schema_migrations"."version" FROM "schema_migrations" [0m
Connecting to database specified by database.yml


Started GET "/microposts" for 127.0.0.1 at 2013-05-13 16:15:35 -0700

ActionController::RoutingError (No route matches [GET] "/microposts"):
  actionpack (3.2.13) lib/action_dispatch/middleware/debug_exceptions.rb:21:in `call'
  actionpack (3.2.13) lib/action_dispatch/middleware/show_exceptions.rb:56:in `call'
  railties (3.2.13) lib/rails/rack/logger.rb:32:in `call_app'
  railties (3.2.13) lib/rails/rack/logger.rb:16:in `block in call'
  activesupport (3.2.13) lib/active_support/tagged_logging.rb:22:in `tagged'
  railties (3.2.13) lib/rails/rack/logger.rb:16:in `call'
  actionpack (3.2.13) lib/action_dispatch/middleware/request_id.rb:22:in `call'
  rack (1.4.5) lib/rack/methodoverride.rb:21:in `call'
  rack (1.4.5) lib/rack/runtime.rb:17:in `call'
  activesupport (3.2.13) lib/active_support/cache/strategy/local_cache.rb:72:in `call'
  rack (1.4.5) lib/rack/lock.rb:15:in `call'
  actionpack (3.2.13) lib/action_dispatch/middleware/static.rb:63:in `call'
  railties (3.2.13) lib/rails/engine.rb:479:in `call'
  railties (3.2.13) lib/rails/application.rb:223:in `call'
  rack (1.4.5) lib/rack/content_length.rb:14:in `call'
  railties (3.2.13) lib/rails/rack/log_tailer.rb:17:in `call'
  rack (1.4.5) lib/rack/handler/webrick.rb:59:in `service'
  /Users/pazrul/.rvm/rubies/ruby-1.9.3-p392/lib/ruby/1.9.1/webrick/httpserver.rb:138:in `service'
  /Users/pazrul/.rvm/rubies/ruby-1.9.3-p392/lib/ruby/1.9.1/webrick/httpserver.rb:94:in `run'
  /Users/pazrul/.rvm/rubies/ruby-1.9.3-p392/lib/ruby/1.9.1/webrick/server.rb:191:in `block in start_thread'


  Rendered /Users/pazrul/.rvm/gems/ruby-1.9.3-p392/gems/actionpack-3.2.13/lib/action_dispatch/middleware/templates/rescues/routing_error.erb within rescues/layout (1.8ms)


Started GET "/assets/rails.png" for 127.0.0.1 at 2013-05-13 16:15:37 -0700
Served asset /rails.png - 304 Not Modified (4ms)


Started GET "/products" for 127.0.0.1 at 2013-05-13 16:15:43 -0700
Processing by ProductsController#index as HTML
  [1m[36mProduct Load (0.1ms)[0m  [1mSELECT "products".* FROM "products" [0m
  Rendered products/index.html.erb within layouts/application (0.8ms)
Compiled products.css  (24ms)  (pid 74846)
Compiled scaffolds.css  (8ms)  (pid 74846)
Compiled application.css  (45ms)  (pid 74846)
Compiled jquery.js  (3ms)  (pid 74846)
Compiled jquery_ujs.js  (0ms)  (pid 74846)
Compiled products.js  (139ms)  (pid 74846)
Compiled application.js  (245ms)  (pid 74846)
Completed 200 OK in 387ms (Views: 326.9ms | ActiveRecord: 15.0ms)


Started GET "/assets/products.css?body=1" for 127.0.0.1 at 2013-05-13 16:15:43 -0700
Served asset /products.css - 200 OK (3ms)


Started GET "/assets/scaffolds.css?body=1" for 127.0.0.1 at 2013-05-13 16:15:43 -0700
Served asset /scaffolds.css - 304 Not Modified (15ms)


Started GET "/assets/application.css?body=1" for 127.0.0.1 at 2013-05-13 16:15:43 -0700
Served asset /application.css - 304 Not Modified (4ms)


Started GET "/assets/jquery_ujs.js?body=1" for 127.0.0.1 at 2013-05-13 16:15:43 -0700
Served asset /jquery_ujs.js - 304 Not Modified (1ms)


Started GET "/assets/products.js?body=1" for 127.0.0.1 at 2013-05-13 16:15:43 -0700
Served asset /products.js - 200 OK (1ms)


Started GET "/assets/jquery.js?body=1" for 127.0.0.1 at 2013-05-13 16:15:43 -0700
Served asset /jquery.js - 304 Not Modified (1ms)


Started GET "/assets/application.js?body=1" for 127.0.0.1 at 2013-05-13 16:15:43 -0700
Served asset /application.js - 304 Not Modified (3ms)


Started GET "/products/new" for 127.0.0.1 at 2013-05-13 16:16:30 -0700
Processing by ProductsController#new as HTML
  Rendered products/_form.html.erb (6.2ms)
  Rendered products/new.html.erb within layouts/application (9.2ms)
Completed 200 OK in 27ms (Views: 21.4ms | ActiveRecord: 0.0ms)


Started GET "/assets/jquery.js?body=1" for 127.0.0.1 at 2013-05-13 16:16:30 -0700
Served asset /jquery.js - 304 Not Modified (0ms)


Started GET "/assets/products.css?body=1" for 127.0.0.1 at 2013-05-13 16:16:31 -0700
Served asset /products.css - 304 Not Modified (0ms)


Started GET "/assets/application.css?body=1" for 127.0.0.1 at 2013-05-13 16:16:31 -0700
Served asset /application.css - 304 Not Modified (0ms)


Started GET "/assets/scaffolds.css?body=1" for 127.0.0.1 at 2013-05-13 16:16:31 -0700
Served asset /scaffolds.css - 304 Not Modified (0ms)


Started GET "/assets/jquery_ujs.js?body=1" for 127.0.0.1 at 2013-05-13 16:16:31 -0700
Served asset /jquery_ujs.js - 304 Not Modified (0ms)


Started GET "/assets/products.js?body=1" for 127.0.0.1 at 2013-05-13 16:16:31 -0700
Served asset /products.js - 304 Not Modified (0ms)


Started GET "/assets/application.js?body=1" for 127.0.0.1 at 2013-05-13 16:16:31 -0700
Served asset /application.js - 304 Not Modified (0ms)


Started POST "/products" for 127.0.0.1 at 2013-05-13 16:17:48 -0700
Processing by ProductsController#create as HTML
  Parameters: {"utf8"=>"✓", "authenticity_token"=>"BtX0wnmyx3wgmA1l40o4rtya1EWwTZ0xHdc3KSGJJEA=", "product"=>{"title"=>"CoffeeScript", "description"=>"<p> CoffeeScript is Javascript done right. It provides all of Javascript's functionality wrapped in a cleaner, more succinct syntax. In the first book on this exciting new language, CoffeeScript guru Trevor B show you... </p>", "image_url"=>"cs.jpg", "price"=>"36.00"}, "commit"=>"Create Product"}
  [1m[35m (0.1ms)[0m  begin transaction
  [1m[36mSQL (37.7ms)[0m  [1mINSERT INTO "products" ("created_at", "description", "image_url", "price", "title", "updated_at") VALUES (?, ?, ?, ?, ?, ?)[0m  [["created_at", Mon, 13 May 2013 23:17:48 UTC +00:00], ["description", "<p> CoffeeScript is Javascript done right. It provides all of Javascript's functionality wrapped in a cleaner, more succinct syntax. In the first book on this exciting new language, CoffeeScript guru Trevor B show you... </p>"], ["image_url", "cs.jpg"], ["price", #<BigDecimal:7fbf4cbb5c20,'0.36E2',9(18)>], ["title", "CoffeeScript"], ["updated_at", Mon, 13 May 2013 23:17:48 UTC +00:00]]
  [1m[35m (1.2ms)[0m  commit transaction
Redirected to http://0.0.0.0:3000/products/1
Completed 302 Found in 42ms (ActiveRecord: 39.0ms)


Started GET "/products/1" for 127.0.0.1 at 2013-05-13 16:17:48 -0700
Processing by ProductsController#show as HTML
  Parameters: {"id"=>"1"}
  [1m[36mProduct Load (0.2ms)[0m  [1mSELECT "products".* FROM "products" WHERE "products"."id" = ? LIMIT 1[0m  [["id", "1"]]
  Rendered products/show.html.erb within layouts/application (1.0ms)
Completed 200 OK in 16ms (Views: 13.7ms | ActiveRecord: 0.2ms)


Started GET "/assets/application.css?body=1" for 127.0.0.1 at 2013-05-13 16:17:48 -0700
Served asset /application.css - 304 Not Modified (0ms)


Started GET "/assets/scaffolds.css?body=1" for 127.0.0.1 at 2013-05-13 16:17:48 -0700
Served asset /scaffolds.css - 304 Not Modified (0ms)


Started GET "/assets/jquery.js?body=1" for 127.0.0.1 at 2013-05-13 16:17:48 -0700
Served asset /jquery.js - 304 Not Modified (0ms)


Started GET "/assets/products.css?body=1" for 127.0.0.1 at 2013-05-13 16:17:48 -0700
Served asset /products.css - 304 Not Modified (0ms)


Started GET "/assets/products.js?body=1" for 127.0.0.1 at 2013-05-13 16:17:48 -0700
Served asset /products.js - 304 Not Modified (0ms)


Started GET "/assets/jquery_ujs.js?body=1" for 127.0.0.1 at 2013-05-13 16:17:48 -0700
Served asset /jquery_ujs.js - 304 Not Modified (0ms)


Started GET "/assets/application.js?body=1" for 127.0.0.1 at 2013-05-13 16:17:48 -0700
Served asset /application.js - 304 Not Modified (0ms)
Connecting to database specified by database.yml
  [1m[36m (0.8ms)[0m  [1mSELECT "schema_migrations"."version" FROM "schema_migrations" [0m
  [1m[35mSQL (1.5ms)[0m  DELETE FROM "products"
  [1m[36m (0.1ms)[0m  [1mbegin transaction[0m
  [1m[35mSQL (17.5ms)[0m  INSERT INTO "products" ("created_at", "description", "image_url", "price", "title", "updated_at") VALUES (?, ?, ?, ?, ?, ?)  [["created_at", Mon, 13 May 2013 23:22:48 UTC +00:00], ["description", "<p>\n        CoffeeScript is JavaScript done right. It provides all of JavaScript's\n\tfunctionality wrapped in a cleaner, more succinct syntax. In the first\n\tbook on this exciting new language, CoffeeScript guru Trevor Burnham\n\tshows you how to hold onto all the power and flexibility of JavaScript\n\twhile writing clearer, cleaner, and safer code.\n      </p>"], ["image_url", "cs.jpg"], ["price", #<BigDecimal:7fc19c350998,'0.36E2',9(45)>], ["title", "CoffeeScript"], ["updated_at", Mon, 13 May 2013 23:22:48 UTC +00:00]]
  [1m[36m (0.9ms)[0m  [1mcommit transaction[0m
  [1m[35m (0.0ms)[0m  begin transaction
  [1m[36mSQL (0.3ms)[0m  [1mINSERT INTO "products" ("created_at", "description", "image_url", "price", "title", "updated_at") VALUES (?, ?, ?, ?, ?, ?)[0m  [["created_at", Mon, 13 May 2013 23:22:48 UTC +00:00], ["description", "<p>\n        Ruby is the fastest growing and most exciting dynamic language\n        out there. If you need to get working programs delivered fast,\n        you should add Ruby to your toolbox.\n      </p>"], ["image_url", "ruby.jpg"], ["price", #<BigDecimal:7fc19a8b84a0,'0.4995E2',18(45)>], ["title", "Programming Ruby 1.9"], ["updated_at", Mon, 13 May 2013 23:22:48 UTC +00:00]]
  [1m[35m (1.1ms)[0m  commit transaction
  [1m[36m (0.0ms)[0m  [1mbegin transaction[0m
  [1m[35mSQL (0.3ms)[0m  INSERT INTO "products" ("created_at", "description", "image_url", "price", "title", "updated_at") VALUES (?, ?, ?, ?, ?, ?)  [["created_at", Mon, 13 May 2013 23:22:48 UTC +00:00], ["description", "<p>\n        <em>Rails Test Prescriptions</em> is a comprehensive guide to testing\n        Rails applications, covering Test-Driven Development from both a\n        theoretical perspective (why to test) and from a practical perspective\n        (how to test effectively). It covers the core Rails testing tools and\n        procedures for Rails 2 and Rails 3, and introduces popular add-ons,\n        including Cucumber, Shoulda, Machinist, Mocha, and Rcov.\n      </p>"], ["image_url", "rtp.jpg"], ["price", #<BigDecimal:7fc19aa9ac00,'0.3495E2',18(45)>], ["title", "Rails Test Prescriptions"], ["updated_at", Mon, 13 May 2013 23:22:48 UTC +00:00]]
  [1m[36m (1.2ms)[0m  [1mcommit transaction[0m
Connecting to database specified by database.yml


Started GET "/products" for 127.0.0.1 at 2013-05-13 16:23:00 -0700
Processing by ProductsController#index as HTML
  [1m[36mProduct Load (0.1ms)[0m  [1mSELECT "products".* FROM "products" [0m
  Rendered products/index.html.erb within layouts/application (17.3ms)
Completed 200 OK in 64ms (Views: 43.8ms | ActiveRecord: 1.6ms)


Started GET "/products/2" for 127.0.0.1 at 2013-05-13 16:23:03 -0700
Processing by ProductsController#show as HTML
  Parameters: {"id"=>"2"}
  [1m[35mProduct Load (0.2ms)[0m  SELECT "products".* FROM "products" WHERE "products"."id" = ? LIMIT 1  [["id", "2"]]
  Rendered products/show.html.erb within layouts/application (1.0ms)
Completed 200 OK in 15ms (Views: 13.7ms | ActiveRecord: 0.2ms)


Started GET "/assets/application.css?body=1" for 127.0.0.1 at 2013-05-13 16:23:03 -0700
Served asset /application.css - 304 Not Modified (21ms)


Started GET "/assets/jquery.js?body=1" for 127.0.0.1 at 2013-05-13 16:23:03 -0700
Served asset /jquery.js - 304 Not Modified (1ms)


Started GET "/assets/scaffolds.css?body=1" for 127.0.0.1 at 2013-05-13 16:23:03 -0700
Served asset /scaffolds.css - 304 Not Modified (2ms)


Started GET "/assets/jquery_ujs.js?body=1" for 127.0.0.1 at 2013-05-13 16:23:03 -0700
Served asset /jquery_ujs.js - 304 Not Modified (1ms)


Started GET "/assets/products.css?body=1" for 127.0.0.1 at 2013-05-13 16:23:03 -0700
Served asset /products.css - 304 Not Modified (1ms)


Started GET "/assets/products.js?body=1" for 127.0.0.1 at 2013-05-13 16:23:03 -0700
Served asset /products.js - 304 Not Modified (1ms)


Started GET "/assets/application.js?body=1" for 127.0.0.1 at 2013-05-13 16:23:03 -0700
Served asset /application.js - 304 Not Modified (3ms)


Started GET "/products" for 127.0.0.1 at 2013-05-13 16:26:20 -0700
Processing by ProductsController#index as HTML
  [1m[36mProduct Load (0.1ms)[0m  [1mSELECT "products".* FROM "products" [0m
  Rendered products/index.html.erb within layouts/application (2.2ms)
Completed 500 Internal Server Error in 55ms

ActionView::Template::Error (Invalid CSS: a space is required between a property and its definition
when it has other properties nested beneath it.

  (in /Users/pazrul/Projects/depot/app/assets/stylesheets/products.css.scss)):
    2: <html>
    3: <head>
    4:   <title>Depot</title>
    5:   <%= stylesheet_link_tag    "application", :media => "all" %>
    6:   <%= javascript_include_tag "application" %>
    7:   <%= csrf_meta_tags %>
    8: </head>
  app/assets/stylesheets/products.css.scss:23
  app/views/layouts/application.html.erb:5:in `_app_views_layouts_application_html_erb___2963659490585513141_70124449366700'
  app/controllers/products_controller.rb:7:in `index'


  Rendered /Users/pazrul/.rvm/gems/ruby-1.9.3-p392/gems/actionpack-3.2.13/lib/action_dispatch/middleware/templates/rescues/_trace.erb (1.9ms)
  Rendered /Users/pazrul/.rvm/gems/ruby-1.9.3-p392/gems/actionpack-3.2.13/lib/action_dispatch/middleware/templates/rescues/_request_and_response.erb (0.8ms)
  Rendered /Users/pazrul/.rvm/gems/ruby-1.9.3-p392/gems/actionpack-3.2.13/lib/action_dispatch/middleware/templates/rescues/template_error.erb within rescues/layout (13.4ms)


Started GET "/products" for 127.0.0.1 at 2013-05-13 16:26:44 -0700
Processing by ProductsController#index as HTML
  [1m[35mProduct Load (0.2ms)[0m  SELECT "products".* FROM "products" 
  Rendered products/index.html.erb within layouts/application (2.1ms)
Completed 500 Internal Server Error in 9ms

ActionView::Template::Error (Invalid CSS: a space is required between a property and its definition
when it has other properties nested beneath it.

  (in /Users/pazrul/Projects/depot/app/assets/stylesheets/products.css.scss)):
    2: <html>
    3: <head>
    4:   <title>Depot</title>
    5:   <%= stylesheet_link_tag    "application", :media => "all" %>
    6:   <%= javascript_include_tag "application" %>
    7:   <%= csrf_meta_tags %>
    8: </head>
  app/assets/stylesheets/products.css.scss:23
  app/views/layouts/application.html.erb:5:in `_app_views_layouts_application_html_erb___2963659490585513141_70124449366700'
  app/controllers/products_controller.rb:7:in `index'


  Rendered /Users/pazrul/.rvm/gems/ruby-1.9.3-p392/gems/actionpack-3.2.13/lib/action_dispatch/middleware/templates/rescues/_trace.erb (1.2ms)
  Rendered /Users/pazrul/.rvm/gems/ruby-1.9.3-p392/gems/actionpack-3.2.13/lib/action_dispatch/middleware/templates/rescues/_request_and_response.erb (0.8ms)
  Rendered /Users/pazrul/.rvm/gems/ruby-1.9.3-p392/gems/actionpack-3.2.13/lib/action_dispatch/middleware/templates/rescues/template_error.erb within rescues/layout (6.8ms)


Started GET "/products" for 127.0.0.1 at 2013-05-13 16:27:01 -0700
Processing by ProductsController#index as HTML
  [1m[36mProduct Load (0.1ms)[0m  [1mSELECT "products".* FROM "products" [0m
  Rendered products/index.html.erb within layouts/application (2.0ms)
Compiled products.css  (23ms)  (pid 75175)
Compiled application.css  (0ms)  (pid 75175)
Completed 200 OK in 72ms (Views: 70.6ms | ActiveRecord: 0.1ms)


Started GET "/assets/products.css?body=1" for 127.0.0.1 at 2013-05-13 16:27:02 -0700
Served asset /products.css - 200 OK (1ms)


Started GET "/assets/scaffolds.css?body=1" for 127.0.0.1 at 2013-05-13 16:27:02 -0700
Served asset /scaffolds.css - 304 Not Modified (0ms)


Started GET "/assets/jquery.js?body=1" for 127.0.0.1 at 2013-05-13 16:27:02 -0700
Served asset /jquery.js - 304 Not Modified (0ms)


Started GET "/assets/application.css?body=1" for 127.0.0.1 at 2013-05-13 16:27:02 -0700
Served asset /application.css - 304 Not Modified (4ms)


Started GET "/assets/products.js?body=1" for 127.0.0.1 at 2013-05-13 16:27:02 -0700
Served asset /products.js - 304 Not Modified (0ms)


Started GET "/assets/jquery_ujs.js?body=1" for 127.0.0.1 at 2013-05-13 16:27:02 -0700
Served asset /jquery_ujs.js - 304 Not Modified (0ms)


Started GET "/assets/application.js?body=1" for 127.0.0.1 at 2013-05-13 16:27:02 -0700
Served asset /application.js - 304 Not Modified (0ms)


Started GET "/products" for 127.0.0.1 at 2013-05-13 16:27:03 -0700
Processing by ProductsController#index as HTML
  [1m[35mProduct Load (0.2ms)[0m  SELECT "products".* FROM "products" 
  Rendered products/index.html.erb within layouts/application (2.1ms)
Completed 200 OK in 16ms (Views: 14.9ms | ActiveRecord: 0.2ms)


Started GET "/assets/products.css?body=1" for 127.0.0.1 at 2013-05-13 16:27:03 -0700
Served asset /products.css - 304 Not Modified (0ms)


Started GET "/assets/scaffolds.css?body=1" for 127.0.0.1 at 2013-05-13 16:27:03 -0700
Served asset /scaffolds.css - 304 Not Modified (0ms)


Started GET "/assets/jquery.js?body=1" for 127.0.0.1 at 2013-05-13 16:27:03 -0700
Served asset /jquery.js - 304 Not Modified (0ms)


Started GET "/assets/application.css?body=1" for 127.0.0.1 at 2013-05-13 16:27:03 -0700
Served asset /application.css - 304 Not Modified (0ms)


Started GET "/assets/products.js?body=1" for 127.0.0.1 at 2013-05-13 16:27:03 -0700
Served asset /products.js - 304 Not Modified (0ms)


Started GET "/assets/jquery_ujs.js?body=1" for 127.0.0.1 at 2013-05-13 16:27:03 -0700
Served asset /jquery_ujs.js - 304 Not Modified (0ms)


Started GET "/assets/application.js?body=1" for 127.0.0.1 at 2013-05-13 16:27:03 -0700
Served asset /application.js - 304 Not Modified (0ms)


Started GET "/products/2" for 127.0.0.1 at 2013-05-13 16:27:05 -0700
Processing by ProductsController#show as HTML
  Parameters: {"id"=>"2"}
  [1m[36mProduct Load (0.1ms)[0m  [1mSELECT "products".* FROM "products" WHERE "products"."id" = ? LIMIT 1[0m  [["id", "2"]]
  Rendered products/show.html.erb within layouts/application (0.5ms)
Completed 200 OK in 32ms (Views: 31.1ms | ActiveRecord: 0.1ms)


Started GET "/assets/jquery.js?body=1" for 127.0.0.1 at 2013-05-13 16:27:05 -0700
Served asset /jquery.js - 304 Not Modified (0ms)


Started GET "/assets/application.css?body=1" for 127.0.0.1 at 2013-05-13 16:27:05 -0700
Served asset /application.css - 304 Not Modified (0ms)


Started GET "/assets/scaffolds.css?body=1" for 127.0.0.1 at 2013-05-13 16:27:05 -0700
Served asset /scaffolds.css - 304 Not Modified (0ms)


Started GET "/assets/products.css?body=1" for 127.0.0.1 at 2013-05-13 16:27:05 -0700
Served asset /products.css - 304 Not Modified (0ms)


Started GET "/assets/jquery_ujs.js?body=1" for 127.0.0.1 at 2013-05-13 16:27:05 -0700
Served asset /jquery_ujs.js - 304 Not Modified (0ms)


Started GET "/assets/products.js?body=1" for 127.0.0.1 at 2013-05-13 16:27:05 -0700
Served asset /products.js - 304 Not Modified (0ms)


Started GET "/assets/application.js?body=1" for 127.0.0.1 at 2013-05-13 16:27:05 -0700
Served asset /application.js - 304 Not Modified (0ms)


Started GET "/products" for 127.0.0.1 at 2013-05-13 16:27:54 -0700
Processing by ProductsController#index as HTML
  [1m[35mProduct Load (0.2ms)[0m  SELECT "products".* FROM "products" 
  Rendered products/index.html.erb within layouts/application (2.1ms)
Completed 200 OK in 15ms (Views: 14.4ms | ActiveRecord: 0.2ms)


Started GET "/assets/products.js?body=1" for 127.0.0.1 at 2013-05-13 16:27:54 -0700
Served asset /products.js - 304 Not Modified (0ms)


Started GET "/assets/products.css?body=1" for 127.0.0.1 at 2013-05-13 16:27:54 -0700
Served asset /products.css - 304 Not Modified (0ms)


Started GET "/assets/jquery_ujs.js?body=1" for 127.0.0.1 at 2013-05-13 16:27:54 -0700
Served asset /jquery_ujs.js - 304 Not Modified (0ms)


Started GET "/assets/scaffolds.css?body=1" for 127.0.0.1 at 2013-05-13 16:27:54 -0700
Served asset /scaffolds.css - 304 Not Modified (0ms)


Started GET "/assets/application.css?body=1" for 127.0.0.1 at 2013-05-13 16:27:54 -0700
Served asset /application.css - 304 Not Modified (0ms)


Started GET "/assets/jquery.js?body=1" for 127.0.0.1 at 2013-05-13 16:27:54 -0700
Served asset /jquery.js - 304 Not Modified (0ms)


Started GET "/assets/application.js?body=1" for 127.0.0.1 at 2013-05-13 16:27:54 -0700
Served asset /application.js - 304 Not Modified (0ms)


Started GET "/products/2" for 127.0.0.1 at 2013-05-13 16:27:58 -0700
Processing by ProductsController#show as HTML
  Parameters: {"id"=>"2"}
  [1m[36mProduct Load (0.1ms)[0m  [1mSELECT "products".* FROM "products" WHERE "products"."id" = ? LIMIT 1[0m  [["id", "2"]]
  Rendered products/show.html.erb within layouts/application (0.5ms)
Completed 200 OK in 32ms (Views: 30.8ms | ActiveRecord: 0.1ms)


Started GET "/assets/application.css?body=1" for 127.0.0.1 at 2013-05-13 16:27:58 -0700
Served asset /application.css - 304 Not Modified (0ms)


Started GET "/assets/products.css?body=1" for 127.0.0.1 at 2013-05-13 16:27:58 -0700
Served asset /products.css - 304 Not Modified (0ms)


Started GET "/assets/scaffolds.css?body=1" for 127.0.0.1 at 2013-05-13 16:27:58 -0700
Served asset /scaffolds.css - 304 Not Modified (0ms)


Started GET "/assets/jquery_ujs.js?body=1" for 127.0.0.1 at 2013-05-13 16:27:58 -0700
Served asset /jquery_ujs.js - 304 Not Modified (0ms)


Started GET "/assets/jquery.js?body=1" for 127.0.0.1 at 2013-05-13 16:27:58 -0700
Served asset /jquery.js - 304 Not Modified (0ms)


Started GET "/assets/products.js?body=1" for 127.0.0.1 at 2013-05-13 16:27:58 -0700
Served asset /products.js - 304 Not Modified (0ms)


Started GET "/assets/application.js?body=1" for 127.0.0.1 at 2013-05-13 16:27:58 -0700
Served asset /application.js - 304 Not Modified (0ms)


Started GET "/products" for 127.0.0.1 at 2013-05-13 16:33:46 -0700
Processing by ProductsController#index as HTML
  [1m[35mProduct Load (0.2ms)[0m  SELECT "products".* FROM "products" 
  Rendered products/index.html.erb within layouts/application (5.0ms)
Completed 500 Internal Server Error in 7ms

ActionView::Template::Error (undefined local variable or method `prodcut' for #<#<Class:0x007f8e3dd6e638>:0x007f8e3dae8490>):
    5:     <tr class="<%= cycle('list_line_odd', 'list_line_even')%>">
    6: 
    7:       <td>
    8:         <%= image_tag(prodcut.image_url, class: 'list_image') %>
    9:       </td>
    10: 
    11:       <td class="list_description">
  app/views/products/index.html.erb:8:in `block in _app_views_products_index_html_erb___1597255577567809044_70124448462700'
  app/views/products/index.html.erb:4:in `each'
  app/views/products/index.html.erb:4:in `_app_views_products_index_html_erb___1597255577567809044_70124448462700'
  app/controllers/products_controller.rb:7:in `index'


  Rendered /Users/pazrul/.rvm/gems/ruby-1.9.3-p392/gems/actionpack-3.2.13/lib/action_dispatch/middleware/templates/rescues/_trace.erb (0.9ms)
  Rendered /Users/pazrul/.rvm/gems/ruby-1.9.3-p392/gems/actionpack-3.2.13/lib/action_dispatch/middleware/templates/rescues/_request_and_response.erb (0.6ms)
  Rendered /Users/pazrul/.rvm/gems/ruby-1.9.3-p392/gems/actionpack-3.2.13/lib/action_dispatch/middleware/templates/rescues/template_error.erb within rescues/layout (5.8ms)


Started GET "/products" for 127.0.0.1 at 2013-05-13 16:34:04 -0700
Processing by ProductsController#index as HTML
  [1m[36mProduct Load (0.2ms)[0m  [1mSELECT "products".* FROM "products" [0m
  Rendered products/index.html.erb within layouts/application (49.4ms)
Completed 200 OK in 79ms (Views: 77.7ms | ActiveRecord: 0.2ms)


Started GET "/assets/application.css?body=1" for 127.0.0.1 at 2013-05-13 16:34:04 -0700
Served asset /application.css - 304 Not Modified (0ms)


Started GET "/assets/products.css?body=1" for 127.0.0.1 at 2013-05-13 16:34:04 -0700
Served asset /products.css - 304 Not Modified (0ms)


Started GET "/assets/jquery.js?body=1" for 127.0.0.1 at 2013-05-13 16:34:04 -0700
Served asset /jquery.js - 304 Not Modified (0ms)


Started GET "/assets/scaffolds.css?body=1" for 127.0.0.1 at 2013-05-13 16:34:04 -0700
Served asset /scaffolds.css - 304 Not Modified (0ms)


Started GET "/assets/jquery_ujs.js?body=1" for 127.0.0.1 at 2013-05-13 16:34:04 -0700
Served asset /jquery_ujs.js - 304 Not Modified (0ms)


Started GET "/assets/products.js?body=1" for 127.0.0.1 at 2013-05-13 16:34:04 -0700
Served asset /products.js - 304 Not Modified (0ms)


Started GET "/assets/application.js?body=1" for 127.0.0.1 at 2013-05-13 16:34:04 -0700
Served asset /application.js - 304 Not Modified (0ms)


Started GET "/assets/cs.jpg" for 127.0.0.1 at 2013-05-13 16:34:04 -0700
Served asset /cs.jpg - 200 OK (6ms)


Started GET "/assets/ruby.jpg" for 127.0.0.1 at 2013-05-13 16:34:04 -0700
Served asset /ruby.jpg - 200 OK (3ms)


Started GET "/assets/rtp.jpg" for 127.0.0.1 at 2013-05-13 16:34:04 -0700
Served asset /rtp.jpg - 200 OK (4ms)


Started GET "/products/2" for 127.0.0.1 at 2013-05-13 16:34:06 -0700
Processing by ProductsController#show as HTML
  Parameters: {"id"=>"2"}
  [1m[35mProduct Load (0.1ms)[0m  SELECT "products".* FROM "products" WHERE "products"."id" = ? LIMIT 1  [["id", "2"]]
  Rendered products/show.html.erb within layouts/application (0.5ms)
Completed 200 OK in 13ms (Views: 12.0ms | ActiveRecord: 0.1ms)


Started GET "/assets/application.css?body=1" for 127.0.0.1 at 2013-05-13 16:34:06 -0700
Served asset /application.css - 304 Not Modified (0ms)


Started GET "/assets/products.css?body=1" for 127.0.0.1 at 2013-05-13 16:34:06 -0700
Served asset /products.css - 304 Not Modified (0ms)


Started GET "/assets/scaffolds.css?body=1" for 127.0.0.1 at 2013-05-13 16:34:06 -0700
Served asset /scaffolds.css - 304 Not Modified (0ms)


Started GET "/assets/jquery.js?body=1" for 127.0.0.1 at 2013-05-13 16:34:06 -0700
Served asset /jquery.js - 304 Not Modified (0ms)


Started GET "/assets/products.js?body=1" for 127.0.0.1 at 2013-05-13 16:34:06 -0700
Served asset /products.js - 304 Not Modified (0ms)


Started GET "/assets/jquery_ujs.js?body=1" for 127.0.0.1 at 2013-05-13 16:34:06 -0700
Served asset /jquery_ujs.js - 304 Not Modified (0ms)


Started GET "/assets/application.js?body=1" for 127.0.0.1 at 2013-05-13 16:34:06 -0700
Served asset /application.js - 304 Not Modified (0ms)


Started GET "/assets/rails.png" for 127.0.0.1 at 2013-05-13 16:34:22 -0700
Served asset /rails.png - 304 Not Modified (0ms)
